mode: atomic
github.com/captainlee1024/bluebell/dao/mysql/mysql.go:16.50,31.16 3 1
github.com/captainlee1024/bluebell/dao/mysql/mysql.go:38.2,40.8 3 1
github.com/captainlee1024/bluebell/dao/mysql/mysql.go:31.16,34.3 2 0
github.com/captainlee1024/bluebell/dao/mysql/mysql.go:44.14,46.2 1 0
github.com/captainlee1024/bluebell/dao/mysql/post.go:10.45,17.2 3 1
github.com/captainlee1024/bluebell/dao/mysql/post.go:19.60,27.2 4 0
github.com/captainlee1024/bluebell/dao/mysql/post.go:29.70,37.2 4 0
github.com/captainlee1024/bluebell/dao/mysql/post.go:40.74,46.16 3 0
github.com/captainlee1024/bluebell/dao/mysql/post.go:50.2,53.8 3 0
github.com/captainlee1024/bluebell/dao/mysql/post.go:46.16,48.3 1 0
github.com/captainlee1024/bluebell/dao/mysql/user.go:18.48,26.2 4 0
github.com/captainlee1024/bluebell/dao/mysql/user.go:29.50,33.57 3 0
github.com/captainlee1024/bluebell/dao/mysql/user.go:37.2,37.15 1 0
github.com/captainlee1024/bluebell/dao/mysql/user.go:42.2,42.8 1 0
github.com/captainlee1024/bluebell/dao/mysql/user.go:33.57,36.3 1 0
github.com/captainlee1024/bluebell/dao/mysql/user.go:37.15,41.3 1 0
github.com/captainlee1024/bluebell/dao/mysql/user.go:46.47,52.2 3 0
github.com/captainlee1024/bluebell/dao/mysql/user.go:54.40,58.26 4 0
github.com/captainlee1024/bluebell/dao/mysql/user.go:62.2,62.16 1 0
github.com/captainlee1024/bluebell/dao/mysql/user.go:67.2,68.28 2 0
github.com/captainlee1024/bluebell/dao/mysql/user.go:72.2,72.8 1 0
github.com/captainlee1024/bluebell/dao/mysql/user.go:58.26,61.3 1 0
github.com/captainlee1024/bluebell/dao/mysql/user.go:62.16,65.3 1 0
github.com/captainlee1024/bluebell/dao/mysql/user.go:68.28,71.3 1 0
github.com/captainlee1024/bluebell/dao/mysql/user.go:75.60,80.2 4 0
github.com/captainlee1024/bluebell/dao/mysql/community.go:10.72,12.57 2 0
github.com/captainlee1024/bluebell/dao/mysql/community.go:20.2,20.8 1 0
github.com/captainlee1024/bluebell/dao/mysql/community.go:12.57,13.27 1 0
github.com/captainlee1024/bluebell/dao/mysql/community.go:13.27,18.4 2 0
github.com/captainlee1024/bluebell/dao/mysql/community.go:23.92,29.59 3 0
github.com/captainlee1024/bluebell/dao/mysql/community.go:34.2,34.29 1 0
github.com/captainlee1024/bluebell/dao/mysql/community.go:29.59,30.27 1 0
github.com/captainlee1024/bluebell/dao/mysql/community.go:30.27,32.4 1 0
