mode: atomic
github.com/captainlee1024/bluebell/controller/post.go:27.40,32.44 2 1
github.com/captainlee1024/bluebell/controller/post.go:39.2,40.16 2 1
github.com/captainlee1024/bluebell/controller/post.go:44.2,47.44 2 0
github.com/captainlee1024/bluebell/controller/post.go:54.2,54.25 1 0
github.com/captainlee1024/bluebell/controller/post.go:32.44,37.3 4 0
github.com/captainlee1024/bluebell/controller/post.go:40.16,43.3 2 1
github.com/captainlee1024/bluebell/controller/post.go:47.44,51.3 3 0
github.com/captainlee1024/bluebell/controller/post.go:68.43,72.16 3 0
github.com/captainlee1024/bluebell/controller/post.go:78.2,79.16 2 0
github.com/captainlee1024/bluebell/controller/post.go:85.2,85.26 1 0
github.com/captainlee1024/bluebell/controller/post.go:72.16,75.3 2 0
github.com/captainlee1024/bluebell/controller/post.go:79.16,83.3 3 0
github.com/captainlee1024/bluebell/controller/post.go:100.41,126.16 3 0
github.com/captainlee1024/bluebell/controller/post.go:131.2,131.26 1 0
github.com/captainlee1024/bluebell/controller/post.go:126.16,130.3 3 0
github.com/captainlee1024/bluebell/controller/post.go:146.42,156.45 2 0
github.com/captainlee1024/bluebell/controller/post.go:177.2,178.16 2 0
github.com/captainlee1024/bluebell/controller/post.go:183.2,183.26 1 0
github.com/captainlee1024/bluebell/controller/post.go:156.45,160.3 3 0
github.com/captainlee1024/bluebell/controller/post.go:178.16,182.3 3 0
github.com/captainlee1024/bluebell/controller/response.go:25.50,31.2 1 1
github.com/captainlee1024/bluebell/controller/response.go:34.74,40.2 1 0
github.com/captainlee1024/bluebell/controller/response.go:43.56,49.2 1 0
github.com/captainlee1024/bluebell/controller/vote.go:14.38,17.44 2 0
github.com/captainlee1024/bluebell/controller/vote.go:30.2,31.16 2 0
github.com/captainlee1024/bluebell/controller/vote.go:36.2,36.53 1 0
github.com/captainlee1024/bluebell/controller/vote.go:41.2,41.25 1 0
github.com/captainlee1024/bluebell/controller/vote.go:17.44,20.10 2 0
github.com/captainlee1024/bluebell/controller/vote.go:25.3,27.9 3 0
github.com/captainlee1024/bluebell/controller/vote.go:20.10,23.4 2 0
github.com/captainlee1024/bluebell/controller/vote.go:31.16,34.3 2 0
github.com/captainlee1024/bluebell/controller/vote.go:36.53,40.3 3 0
github.com/captainlee1024/bluebell/controller/code.go:35.31,37.9 2 1
github.com/captainlee1024/bluebell/controller/code.go:40.2,40.12 1 1
github.com/captainlee1024/bluebell/controller/code.go:37.9,39.3 1 0
github.com/captainlee1024/bluebell/controller/community.go:17.39,20.16 2 0
github.com/captainlee1024/bluebell/controller/community.go:27.2,27.26 1 0
github.com/captainlee1024/bluebell/controller/community.go:20.16,25.3 3 0
github.com/captainlee1024/bluebell/controller/community.go:31.45,37.16 3 0
github.com/captainlee1024/bluebell/controller/community.go:42.2,43.16 2 0
github.com/captainlee1024/bluebell/controller/community.go:47.2,47.26 1 0
github.com/captainlee1024/bluebell/controller/community.go:37.16,40.3 2 0
github.com/captainlee1024/bluebell/controller/community.go:43.16,46.3 2 0
github.com/captainlee1024/bluebell/controller/request.go:19.65,21.9 2 1
github.com/captainlee1024/bluebell/controller/request.go:25.2,26.9 2 0
github.com/captainlee1024/bluebell/controller/request.go:30.2,30.8 1 0
github.com/captainlee1024/bluebell/controller/request.go:21.9,24.3 2 1
github.com/captainlee1024/bluebell/controller/request.go:26.9,29.3 2 0
github.com/captainlee1024/bluebell/controller/request.go:34.49,46.16 5 0
github.com/captainlee1024/bluebell/controller/request.go:49.2,50.16 2 0
github.com/captainlee1024/bluebell/controller/request.go:53.2,53.19 1 0
github.com/captainlee1024/bluebell/controller/request.go:46.16,48.3 1 0
github.com/captainlee1024/bluebell/controller/request.go:50.16,52.3 1 0
github.com/captainlee1024/bluebell/controller/user.go:17.36,20.44 2 0
github.com/captainlee1024/bluebell/controller/user.go:62.2,62.40 1 0
github.com/captainlee1024/bluebell/controller/user.go:77.2,77.25 1 0
github.com/captainlee1024/bluebell/controller/user.go:20.44,27.10 4 0
github.com/captainlee1024/bluebell/controller/user.go:44.3,45.9 2 0
github.com/captainlee1024/bluebell/controller/user.go:27.10,35.4 2 0
github.com/captainlee1024/bluebell/controller/user.go:62.40,66.43 1 0
github.com/captainlee1024/bluebell/controller/user.go:70.3,71.9 2 0
github.com/captainlee1024/bluebell/controller/user.go:66.43,69.4 2 0
github.com/captainlee1024/bluebell/controller/user.go:81.35,84.44 2 0
github.com/captainlee1024/bluebell/controller/user.go:104.2,105.16 2 0
github.com/captainlee1024/bluebell/controller/user.go:126.2,133.4 1 0
github.com/captainlee1024/bluebell/controller/user.go:84.44,89.10 3 0
github.com/captainlee1024/bluebell/controller/user.go:99.3,100.9 2 0
github.com/captainlee1024/bluebell/controller/user.go:89.10,95.4 2 0
github.com/captainlee1024/bluebell/controller/user.go:105.16,110.46 2 0
github.com/captainlee1024/bluebell/controller/user.go:114.3,115.9 2 0
github.com/captainlee1024/bluebell/controller/user.go:110.46,113.4 2 0
github.com/captainlee1024/bluebell/controller/validator.go:24.43,28.67 1 0
github.com/captainlee1024/bluebell/controller/validator.go:89.2,89.8 1 0
github.com/captainlee1024/bluebell/controller/validator.go:28.67,31.62 1 0
github.com/captainlee1024/bluebell/controller/validator.go:40.3,43.75 2 0
github.com/captainlee1024/bluebell/controller/validator.go:47.3,59.10 6 0
github.com/captainlee1024/bluebell/controller/validator.go:65.3,65.17 1 0
github.com/captainlee1024/bluebell/controller/validator.go:73.3,73.17 1 0
github.com/captainlee1024/bluebell/controller/validator.go:79.3,84.17 1 0
github.com/captainlee1024/bluebell/controller/validator.go:87.3,87.9 1 0
github.com/captainlee1024/bluebell/controller/validator.go:31.62,33.19 2 0
github.com/captainlee1024/bluebell/controller/validator.go:36.4,36.15 1 0
github.com/captainlee1024/bluebell/controller/validator.go:33.19,35.5 1 0
github.com/captainlee1024/bluebell/controller/validator.go:43.75,45.4 1 0
github.com/captainlee1024/bluebell/controller/validator.go:59.10,61.4 1 0
github.com/captainlee1024/bluebell/controller/validator.go:66.13,67.62 1 0
github.com/captainlee1024/bluebell/controller/validator.go:68.13,69.62 1 0
github.com/captainlee1024/bluebell/controller/validator.go:70.11,71.62 1 0
github.com/captainlee1024/bluebell/controller/validator.go:73.17,75.4 1 0
github.com/captainlee1024/bluebell/controller/validator.go:84.17,86.4 1 0
github.com/captainlee1024/bluebell/controller/validator.go:93.66,95.33 2 0
github.com/captainlee1024/bluebell/controller/validator.go:98.2,98.12 1 0
github.com/captainlee1024/bluebell/controller/validator.go:95.33,97.3 1 0
github.com/captainlee1024/bluebell/controller/validator.go:102.65,105.34 2 0
github.com/captainlee1024/bluebell/controller/validator.go:105.34,108.3 1 0
github.com/captainlee1024/bluebell/controller/validator.go:113.47,115.23 2 0
github.com/captainlee1024/bluebell/controller/validator.go:118.2,118.13 1 0
github.com/captainlee1024/bluebell/controller/validator.go:115.23,117.3 1 0
github.com/captainlee1024/bluebell/controller/validator.go:122.84,123.38 1 0
github.com/captainlee1024/bluebell/controller/validator.go:123.38,124.49 1 0
github.com/captainlee1024/bluebell/controller/validator.go:127.3,127.13 1 0
github.com/captainlee1024/bluebell/controller/validator.go:124.49,126.4 1 0
github.com/captainlee1024/bluebell/controller/validator.go:132.66,134.16 2 0
github.com/captainlee1024/bluebell/controller/validator.go:137.2,137.12 1 0
github.com/captainlee1024/bluebell/controller/validator.go:134.16,135.28 1 0
